0 info it worked if it ends with ok
1 verbose cli [ 'C:\\Program Files\\nodejs\\\\node.exe',
1 verbose cli   'C:\\Program Files\\nodejs\\node_modules\\npm\\bin\\npm-cli.js',
1 verbose cli   'install',
1 verbose cli   'grunt-contrib-imagemin',
1 verbose cli   '–save-dev' ]
2 info using npm@1.4.28
3 info using node@v0.10.33
4 verbose node symlink C:\Program Files\nodejs\\node.exe
5 warn package.json wwnew@0.0.0 No description
6 warn package.json wwnew@0.0.0 No repository field.
7 warn package.json wwnew@0.0.0 No README data
8 warn package.json karma-phantomjs-launcher@0.1.4 No README data
9 verbose readDependencies using package.json deps
10 verbose cache add [ 'grunt-contrib-imagemin', null ]
11 verbose cache add name=undefined spec="grunt-contrib-imagemin" args=["grunt-contrib-imagemin",null]
12 verbose parsed url { protocol: null,
12 verbose parsed url   slashes: null,
12 verbose parsed url   auth: null,
12 verbose parsed url   host: null,
12 verbose parsed url   port: null,
12 verbose parsed url   hostname: null,
12 verbose parsed url   hash: null,
12 verbose parsed url   search: null,
12 verbose parsed url   query: null,
12 verbose parsed url   pathname: 'grunt-contrib-imagemin',
12 verbose parsed url   path: 'grunt-contrib-imagemin',
12 verbose parsed url   href: 'grunt-contrib-imagemin' }
13 verbose cache add [ '–save-dev', null ]
14 verbose cache add name=undefined spec="–save-dev" args=["–save-dev",null]
15 verbose parsed url { protocol: null,
15 verbose parsed url   slashes: null,
15 verbose parsed url   auth: null,
15 verbose parsed url   host: null,
15 verbose parsed url   port: null,
15 verbose parsed url   hostname: null,
15 verbose parsed url   hash: null,
15 verbose parsed url   search: null,
15 verbose parsed url   query: null,
15 verbose parsed url   pathname: '–save-dev',
15 verbose parsed url   path: '–save-dev',
15 verbose parsed url   href: '–save-dev' }
16 silly lockFile d53d0dd9-grunt-contrib-imagemin grunt-contrib-imagemin
17 verbose lock grunt-contrib-imagemin C:\Users\asifa\AppData\Roaming\npm-cache\d53d0dd9-grunt-contrib-imagemin.lock
18 silly lockFile d53d0dd9-grunt-contrib-imagemin grunt-contrib-imagemin
19 silly lockFile d53d0dd9-grunt-contrib-imagemin grunt-contrib-imagemin
20 verbose addNamed [ 'grunt-contrib-imagemin', '' ]
21 verbose addNamed [ null, '*' ]
22 silly lockFile 400cb004-grunt-contrib-imagemin grunt-contrib-imagemin@
23 verbose lock grunt-contrib-imagemin@ C:\Users\asifa\AppData\Roaming\npm-cache\400cb004-grunt-contrib-imagemin.lock
24 silly addNameRange { name: 'grunt-contrib-imagemin', range: '*', hasData: false }
25 silly lockFile 36ac6028-save-dev –save-dev
26 verbose lock –save-dev C:\Users\asifa\AppData\Roaming\npm-cache\36ac6028-save-dev.lock
27 silly lockFile 36ac6028-save-dev –save-dev
28 silly lockFile 36ac6028-save-dev –save-dev
29 verbose addNamed [ '–save-dev', '' ]
30 verbose addNamed [ null, '*' ]
31 silly lockFile 370b9e36-save-dev –save-dev@
32 verbose lock –save-dev@ C:\Users\asifa\AppData\Roaming\npm-cache\370b9e36-save-dev.lock
33 silly addNameRange { name: '–save-dev', range: '*', hasData: false }
34 verbose request where is /–save-dev
35 verbose request registry https://registry.npmjs.org/
36 verbose request id d4d34e74461f4955
37 verbose url raw /–save-dev
38 verbose url resolving [ 'https://registry.npmjs.org/', './%E2%80%93save-dev' ]
39 verbose url resolved https://registry.npmjs.org/%E2%80%93save-dev
40 verbose request where is https://registry.npmjs.org/%E2%80%93save-dev
41 info trying registry request attempt 1 at 21:39:04
42 http GET https://registry.npmjs.org/%E2%80%93save-dev
43 verbose request where is /grunt-contrib-imagemin
44 verbose request registry https://registry.npmjs.org/
45 verbose url raw /grunt-contrib-imagemin
46 verbose url resolving [ 'https://registry.npmjs.org/', './grunt-contrib-imagemin' ]
47 verbose url resolved https://registry.npmjs.org/grunt-contrib-imagemin
48 verbose request where is https://registry.npmjs.org/grunt-contrib-imagemin
49 info trying registry request attempt 1 at 21:39:04
50 verbose etag "68MK4V8VVMV8YEHCFYIAP125I"
51 http GET https://registry.npmjs.org/grunt-contrib-imagemin
52 http 304 https://registry.npmjs.org/grunt-contrib-imagemin
53 silly registry.get cb [ 304,
53 silly registry.get   { date: 'Sun, 30 Nov 2014 18:37:01 GMT',
53 silly registry.get     server: 'Apache',
53 silly registry.get     via: '1.1 varnish',
53 silly registry.get     'last-modified': 'Sun, 30 Nov 2014 18:37:01 GMT',
53 silly registry.get     'cache-control': 'max-age=60',
53 silly registry.get     etag: '"68MK4V8VVMV8YEHCFYIAP125I"',
53 silly registry.get     age: '49',
53 silly registry.get     'x-served-by': 'cache-ams4132-AMS',
53 silly registry.get     'x-cache': 'HIT',
53 silly registry.get     'x-cache-hits': '1',
53 silly registry.get     'x-timer': 'S1417372621.211624,VS0,VE0',
53 silly registry.get     vary: 'Accept',
53 silly registry.get     'content-length': '0',
53 silly registry.get     'keep-alive': 'timeout=10, max=50',
53 silly registry.get     connection: 'Keep-Alive' } ]
54 verbose etag https://registry.npmjs.org/grunt-contrib-imagemin from cache
55 silly addNameRange number 2 { name: 'grunt-contrib-imagemin', range: '*', hasData: true }
56 silly addNameRange versions [ 'grunt-contrib-imagemin',
56 silly addNameRange   [ '0.1.0',
56 silly addNameRange     '0.1.1',
56 silly addNameRange     '0.1.2',
56 silly addNameRange     '0.1.3',
56 silly addNameRange     '0.1.4',
56 silly addNameRange     '0.1.1-rc7',
56 silly addNameRange     '0.1.1-rc8',
56 silly addNameRange     '0.2.0',
56 silly addNameRange     '0.2.1',
56 silly addNameRange     '0.3.0',
56 silly addNameRange     '0.4.0',
56 silly addNameRange     '0.4.1',
56 silly addNameRange     '0.5.0',
56 silly addNameRange     '0.6.0',
56 silly addNameRange     '0.6.1',
56 silly addNameRange     '0.7.0',
56 silly addNameRange     '0.7.1',
56 silly addNameRange     '0.7.2',
56 silly addNameRange     '0.8.0',
56 silly addNameRange     '0.8.1',
56 silly addNameRange     '0.9.0',
56 silly addNameRange     '0.9.1',
56 silly addNameRange     '0.9.2' ] ]
57 verbose addNamed [ 'grunt-contrib-imagemin', '0.9.2' ]
58 verbose addNamed [ '0.9.2', '0.9.2' ]
59 silly lockFile fe7eb77d-grunt-contrib-imagemin-0-9-2 grunt-contrib-imagemin@0.9.2
60 verbose lock grunt-contrib-imagemin@0.9.2 C:\Users\asifa\AppData\Roaming\npm-cache\fe7eb77d-grunt-contrib-imagemin-0-9-2.lock
61 silly lockFile c89cd589-grunt-contrib-imagemin-0-9-2-tgz https://registry.npmjs.org/grunt-contrib-imagemin/-/grunt-contrib-imagemin-0.9.2.tgz
62 verbose lock https://registry.npmjs.org/grunt-contrib-imagemin/-/grunt-contrib-imagemin-0.9.2.tgz C:\Users\asifa\AppData\Roaming\npm-cache\c89cd589-grunt-contrib-imagemin-0-9-2-tgz.lock
63 verbose addRemoteTarball [ 'https://registry.npmjs.org/grunt-contrib-imagemin/-/grunt-contrib-imagemin-0.9.2.tgz',
63 verbose addRemoteTarball   '3d3dffb516f9b5e33199a376becae7bc0343c9c3' ]
64 info retry fetch attempt 1 at 21:39:04
65 verbose fetch to= C:\Users\asifa\AppData\Local\Temp\npm-6332-V1teWq7U\registry.npmjs.org\grunt-contrib-imagemin\-\grunt-contrib-imagemin-0.9.2.tgz
66 http GET https://registry.npmjs.org/grunt-contrib-imagemin/-/grunt-contrib-imagemin-0.9.2.tgz
67 http 200 https://registry.npmjs.org/grunt-contrib-imagemin/-/grunt-contrib-imagemin-0.9.2.tgz
68 silly lockFile c89cd589-grunt-contrib-imagemin-0-9-2-tgz https://registry.npmjs.org/grunt-contrib-imagemin/-/grunt-contrib-imagemin-0.9.2.tgz
69 silly lockFile c89cd589-grunt-contrib-imagemin-0-9-2-tgz https://registry.npmjs.org/grunt-contrib-imagemin/-/grunt-contrib-imagemin-0.9.2.tgz
70 silly lockFile fe7eb77d-grunt-contrib-imagemin-0-9-2 grunt-contrib-imagemin@0.9.2
71 silly lockFile fe7eb77d-grunt-contrib-imagemin-0-9-2 grunt-contrib-imagemin@0.9.2
72 silly lockFile 400cb004-grunt-contrib-imagemin grunt-contrib-imagemin@
73 silly lockFile 400cb004-grunt-contrib-imagemin grunt-contrib-imagemin@
74 http 404 https://registry.npmjs.org/%E2%80%93save-dev
75 verbose headers { date: 'Sun, 30 Nov 2014 18:37:01 GMT',
75 verbose headers   server: 'CouchDB/1.5.0 (Erlang OTP/R16B03)',
75 verbose headers   'content-type': 'application/json',
75 verbose headers   'cache-control': 'max-age=0',
75 verbose headers   'content-length': '52',
75 verbose headers   'accept-ranges': 'bytes',
75 verbose headers   via: '1.1 varnish',
75 verbose headers   age: '0',
75 verbose headers   'x-served-by': 'cache-ams4143-AMS',
75 verbose headers   'x-cache': 'MISS',
75 verbose headers   'x-cache-hits': '0',
75 verbose headers   'x-timer': 'S1417372621.217605,VS0,VE650',
75 verbose headers   'keep-alive': 'timeout=10, max=50',
75 verbose headers   connection: 'Keep-Alive' }
76 silly registry.get cb [ 404,
76 silly registry.get   { date: 'Sun, 30 Nov 2014 18:37:01 GMT',
76 silly registry.get     server: 'CouchDB/1.5.0 (Erlang OTP/R16B03)',
76 silly registry.get     'content-type': 'application/json',
76 silly registry.get     'cache-control': 'max-age=0',
76 silly registry.get     'content-length': '52',
76 silly registry.get     'accept-ranges': 'bytes',
76 silly registry.get     via: '1.1 varnish',
76 silly registry.get     age: '0',
76 silly registry.get     'x-served-by': 'cache-ams4143-AMS',
76 silly registry.get     'x-cache': 'MISS',
76 silly registry.get     'x-cache-hits': '0',
76 silly registry.get     'x-timer': 'S1417372621.217605,VS0,VE650',
76 silly registry.get     'keep-alive': 'timeout=10, max=50',
76 silly registry.get     connection: 'Keep-Alive' } ]
77 silly lockFile 370b9e36-save-dev –save-dev@
78 silly lockFile 370b9e36-save-dev –save-dev@
79 error 404 404 Not Found: %E2%80%93save-dev
79 error 404
79 error 404 '%E2%80%93save-dev' is not in the npm registry.
79 error 404 You should bug the author to publish it
79 error 404 It was specified as a dependency of 'wwnew'
79 error 404
79 error 404 Note that you can also install from a
79 error 404 tarball, folder, or http url, or git url.
80 error System Windows_NT 6.1.7601
81 error command "C:\\Program Files\\nodejs\\\\node.exe" "C:\\Program Files\\nodejs\\node_modules\\npm\\bin\\npm-cli.js" "install" "grunt-contrib-imagemin" "–save-dev"
82 error cwd C:\Users\asifa\Documents\GitHub\wwnew
83 error node -v v0.10.33
84 error npm -v 1.4.28
85 error code E404
86 verbose exit [ 1, true ]
